[GIN-debug] [WARNING] Creating an Engine instance with the Logger and Recovery middleware already attached.

[GIN-debug] [WARNING] Running in "debug" mode. Switch to "release" mode in production.
 - using env:	export GIN_MODE=release
 - using code:	gin.SetMode(gin.ReleaseMode)

[GIN-debug] Loaded HTML Templates (6): 
	- style.css
	- 
	- bootstrap.min.css
	- chat.html
	- index.gohtml
	- index.html

[GIN-debug] GET    /ses/                     --> chat/routs.Index (3 handlers)
[GIN-debug] GET    /ses/logout               --> chat/routs.Logout (3 handlers)
[GIN-debug] POST   /ses/checkLog             --> chat/routs.CheckLog (3 handlers)
[GIN-debug] GET    /ses/ws                   --> chat/routs.Routs.func1 (3 handlers)
[GIN-debug] GET    /jwt/                     --> chat/routs.Routs.func2 (3 handlers)
[GIN-debug] GET    /jwt/logout               --> chat/routs.Logout (3 handlers)
[GIN-debug] POST   /jwt/checkLog             --> chat/routs.CheckLogjwt (3 handlers)
[GIN-debug] GET    /jwt/ws                   --> chat/routs.Routs.func3 (3 handlers)
[GIN-debug] Listening and serving HTTP on :8080
[GIN-debug] redirecting request 301: /jwt --> /jwt/
[GIN] 2019/08/07 - 10:20:41 | 200 |     21.9854ms |       127.0.0.1 | GET      /jwt/
[GIN] 2019/08/07 - 10:20:41 | 404 |            0s |       127.0.0.1 | GET      /jwt/bootstrap.min.css
[GIN] 2019/08/07 - 10:20:41 | 404 |            0s |       127.0.0.1 | GET      /jwt/style.css
2019/08/07 10:20:58 error: websocket: close 1001 (going away)
[GIN] 2019/08/07 - 10:20:58 | 200 |    16.847608s |       127.0.0.1 | GET      /jwt/ws
[GIN] 2019/08/07 - 10:20:58 | 200 |      5.9955ms |       127.0.0.1 | GET      /jwt/
[GIN] 2019/08/07 - 10:20:58 | 404 |            0s |       127.0.0.1 | GET      /jwt/bootstrap.min.css
[GIN] 2019/08/07 - 10:20:58 | 404 |            0s |       127.0.0.1 | GET      /jwt/style.css
2019/08/07 10:21:00 error: websocket: close 1001 (going away)
[GIN] 2019/08/07 - 10:21:00 | 200 |    1.3342997s |       127.0.0.1 | GET      /jwt/ws
[GIN] 2019/08/07 - 10:21:00 | 303 |       997.2µs |       127.0.0.1 | POST     /jwt/checkLog
[GIN-debug] redirecting request 301: /jwt --> /jwt/
[GIN] 2019/08/07 - 10:21:00 | 200 |      5.9963ms |       127.0.0.1 | GET      /jwt/
[GIN] 2019/08/07 - 10:21:00 | 404 |            0s |       127.0.0.1 | GET      /jwt/bootstrap.min.css
[GIN] 2019/08/07 - 10:21:00 | 404 |            0s |       127.0.0.1 | GET      /jwt/style.css
2019/08/07 10:21:10 error: websocket: close 1001 (going away)
[GIN] 2019/08/07 - 10:21:10 | 200 |   10.2113419s |       127.0.0.1 | GET      /jwt/ws
[GIN] 2019/08/07 - 10:21:10 | 200 |      4.9953ms |       127.0.0.1 | GET      /jwt/
[GIN] 2019/08/07 - 10:21:10 | 404 |            0s |       127.0.0.1 | GET      /jwt/bootstrap.min.css
[GIN] 2019/08/07 - 10:21:10 | 404 |            0s |       127.0.0.1 | GET      /jwt/style.css
2019/08/07 10:21:12 error: websocket: close 1001 (going away)
[GIN] 2019/08/07 - 10:21:12 | 200 |    2.1509562s |       127.0.0.1 | GET      /jwt/ws
[GIN] 2019/08/07 - 10:21:12 | 200 |      3.9961ms |       127.0.0.1 | GET      /jwt/
[GIN] 2019/08/07 - 10:21:12 | 404 |            0s |       127.0.0.1 | GET      /jwt/bootstrap.min.css
[GIN] 2019/08/07 - 10:21:12 | 404 |            0s |       127.0.0.1 | GET      /jwt/style.css
2019/08/07 10:21:13 error: websocket: close 1001 (going away)
[GIN] 2019/08/07 - 10:21:13 | 200 |    636.9061ms |       127.0.0.1 | GET      /jwt/ws
[GIN] 2019/08/07 - 10:21:13 | 200 |      4.9973ms |       127.0.0.1 | GET      /jwt/
[GIN] 2019/08/07 - 10:21:13 | 404 |            0s |       127.0.0.1 | GET      /jwt/bootstrap.min.css
[GIN] 2019/08/07 - 10:21:13 | 404 |            0s |       127.0.0.1 | GET      /jwt/style.css
2019/08/07 10:21:17 error: websocket: close 1001 (going away)
[GIN] 2019/08/07 - 10:21:17 | 200 |    4.1367931s |       127.0.0.1 | GET      /jwt/ws
[GIN] 2019/08/07 - 10:21:17 | 200 |      4.9973ms |       127.0.0.1 | GET      /jwt/
[GIN] 2019/08/07 - 10:21:17 | 404 |            0s |       127.0.0.1 | GET      /jwt/bootstrap.min.css
[GIN] 2019/08/07 - 10:21:17 | 404 |            0s |       127.0.0.1 | GET      /jwt/style.css
2019/08/07 10:21:19 error: websocket: close 1001 (going away)
[GIN] 2019/08/07 - 10:21:19 | 200 |    1.8391702s |       127.0.0.1 | GET      /jwt/ws
[GIN] 2019/08/07 - 10:21:19 | 302 |            0s |       127.0.0.1 | GET      /jwt/logout
[GIN] 2019/08/07 - 10:21:19 | 404 |            0s |       127.0.0.1 | GET      /
9-08-06T11:05:35+05:00" level=error msg="sql: database is closed" source="C:/Users/nGnL/go/src/chat/routs/routs.go:100"
time="2019-08-06T11:05:35+05:00" level=debug msg="SELECT * FROM `account`  " source="C:/Users/nGnL/go/src/chat/routs/routs.go:100" took=0s
[GIN] 2019/08/06 - 11:05:35 | 303 |            0s |             ::1 | POST     /ses/checkLog
[GIN-debug] redirecting request 301: /ses --> /ses/
time="2019-08-06T11:05:35+05:00" level=error msg="sql: database is closed" source="C:/Users/nGnL/go/src/chat/routs/routs.go:79"
time="2019-08-06T11:05:35+05:00" level=debug msg="SELECT * FROM `account`  " source="C:/Users/nGnL/go/src/chat/routs/routs.go:79" took=0s
[GIN] 2019/08/06 - 11:05:35 | 200 |      8.9938ms |             ::1 | GET      /ses/
[GIN] 2019/08/06 - 11:05:35 | 404 |            0s |             ::1 | GET      /ses/bootstrap.min.css
[GIN] 2019/08/06 - 11:05:35 | 404 |            0s |             ::1 | GET      /ses/style.css
time="2019-08-06T11:05:35+05:00" level=error msg="sql: database is closed" source="C:/Users/nGnL/go/src/chat/routs/routs.go:266"
time="2019-08-06T11:05:35+05:00" level=debug msg="SELECT * FROM `history`  " source="C:/Users/nGnL/go/src/chat/routs/routs.go:266" took=0s
2019/08/06 11:07:49 error: websocket: close 1001 (going away)
[GIN] 2019/08/06 - 11:07:49 | 200 |         2m14s |             ::1 | GET      /ws
time="2019-08-06T11:07:49+05:00" level=error msg="sql: database is closed" source="C:/Users/nGnL/go/src/chat/routs/routs.go:100"
time="2019-08-06T11:07:49+05:00" level=debug msg="SELECT * FROM `account`  " source="C:/Users/nGnL/go/src/chat/routs/routs.go:100" took=0s
[GIN] 2019/08/06 - 11:07:49 | 303 |            0s |             ::1 | POST     /ses/checkLog
[GIN-debug] redirecting request 301: /ses --> /ses/
time="2019-08-06T11:07:49+05:00" level=error msg="sql: database is closed" source="C:/Users/nGnL/go/src/chat/routs/routs.go:79"
time="2019-08-06T11:07:49+05:00" level=debug msg="SELECT * FROM `account`  " source="C:/Users/nGnL/go/src/chat/routs/routs.go:79" took=0s
[GIN] 2019/08/06 - 11:07:49 | 200 |       8.995ms |             ::1 | GET      /ses/
[GIN] 2019/08/06 - 11:07:49 | 404 |            0s |             ::1 | GET      /ses/bootstrap.min.css
[GIN] 2019/08/06 - 11:07:49 | 404 |            0s |             ::1 | GET      /ses/style.css
time="2019-08-06T11:07:49+05:00" level=error msg="sql: database is closed" source="C:/Users/nGnL/go/src/chat/routs/routs.go:266"
time="2019-08-06T11:07:49+05:00" level=debug msg="SELECT * FROM `history`  " source="C:/Users/nGnL/go/src/chat/routs/routs.go:266" took=0s
ok=1.0004ms
2019/08/06 10:57:40 error: websocket: close 1001 (going away)
[GIN] 2019/08/06 - 10:57:40 | 200 |    3.6222987s |             ::1 | GET      /ws
time="2019-08-06T10:57:40+05:00" level=error msg="sql: database is closed" source="C:/Users/nGnL/go/src/chat/routs/routs.go:98"
time="2019-08-06T10:57:40+05:00" level=debug msg="SELECT * FROM `account`  " source="C:/Users/nGnL/go/src/chat/routs/routs.go:98" took=0s
[GIN] 2019/08/06 - 10:57:40 | 303 |            0s |             ::1 | POST     /ses/checkLog
[GIN-debug] redirecting request 301: /ses --> /ses/
time="2019-08-06T10:57:40+05:00" level=error msg="sql: database is closed" source="C:/Users/nGnL/go/src/chat/routs/routs.go:79"
time="2019-08-06T10:57:40+05:00" level=debug msg="SELECT * FROM `account`  " source="C:/Users/nGnL/go/src/chat/routs/routs.go:79" took=0s
[GIN] 2019/08/06 - 10:57:40 | 200 |      4.9962ms |             ::1 | GET      /ses/
[GIN] 2019/08/06 - 10:57:40 | 404 |            0s |             ::1 | GET      /ses/bootstrap.min.css
[GIN] 2019/08/06 - 10:57:40 | 404 |            0s |             ::1 | GET      /ses/style.css
time="2019-08-06T10:57:40+05:00" level=error msg="sql: database is closed" source="C:/Users/nGnL/go/src/chat/routs/routs.go:262"
time="2019-08-06T10:57:40+05:00" level=debug msg="SELECT * FROM `history`  " source="C:/Users/nGnL/go/src/chat/routs/routs.go:262" took=0s
2019/08/06 10:57:52 error: websocket: close 1001 (going away)
[GIN] 2019/08/06 - 10:57:52 | 200 |   12.2901118s |             ::1 | GET      /ws
time="2019-08-06T10:57:52+05:00" level=error msg="sql: database is closed" source="C:/Users/nGnL/go/src/chat/routs/routs.go:98"
time="2019-08-06T10:57:52+05:00" level=debug msg="SELECT * FROM `account`  " source="C:/Users/nGnL/go/src/chat/routs/routs.go:98" took=0s
[GIN] 2019/08/06 - 10:57:52 | 303 |            0s |             ::1 | POST     /ses/checkLog
[GIN-debug] redirecting request 301: /ses --> /ses/
time="2019-08-06T10:57:52+05:00" level=error msg="sql: database is closed" source="C:/Users/nGnL/go/src/chat/routs/routs.go:79"
time="2019-08-06T10:57:52+05:00" level=debug msg="SELECT * FROM `account`  " source="C:/Users/nGnL/go/src/chat/routs/routs.go:79" took=0s
[GIN] 2019/08/06 - 10:57:52 | 200 |      4.9962ms |             ::1 | GET      /ses/
[GIN] 2019/08/06 - 10:57:52 | 404 |            0s |             ::1 | GET      /ses/bootstrap.min.css
[GIN] 2019/08/06 - 10:57:52 | 404 |            0s |             ::1 | GET      /ses/style.css
time="2019-08-06T10:57:52+05:00" level=error msg="sql: database is closed" source="C:/Users/nGnL/go/src/chat/routs/routs.go:262"
time="2019-08-06T10:57:52+05:00" level=debug msg="SELECT * FROM `history`  " source="C:/Users/nGnL/go/src/chat/routs/routs.go:262" took=0s
="SELECT * FROM `account`  " source="C:/Users/nGnL/go/src/chat/routs/routs.go:69" took="999.9µs"
[GIN] 2019/08/05 - 13:57:13 | 303 |       999.9µs |             ::1 | POST     /checkLog
time="2019-08-05T13:57:13+05:00" level=debug msg="SELECT * FROM `account`  " source="C:/Users/nGnL/go/src/chat/routs/routs.go:48" took=0s
[GIN] 2019/08/05 - 13:57:13 | 200 |      5.9959ms |             ::1 | GET      /
[GIN] 2019/08/05 - 13:57:13 | 404 |            0s |             ::1 | GET      /bootstrap.min.css
[GIN] 2019/08/05 - 13:57:13 | 404 |            0s |             ::1 | GET      /style.css
time="2019-08-05T13:57:13+05:00" level=debug msg="SELECT * FROM `history`  " source="C:/Users/nGnL/go/src/chat/routs/routs.go:166" took=0s
time="2019-08-05T13:57:31+05:00" level=debug msg="INSERT  INTO `history` (`user`,`message`,`date`) VALUES ('ngnl','Hello world','05.08.2019 13:35:52')" source="C:/Users/nGnL/go/src/chat/routs/routs.go:229" took=0s
/src/chat/routs/routs.go:166" took=0s
2019/08/01 22:15:16 error: websocket: close 1001 (going away)
[GIN] 2019/08/01 - 22:15:16 | 200 |    956.5022ms |             ::1 | GET      /ws
time="2019-08-01T22:15:16+05:00" level=debug msg="SELECT * FROM `account`  " source="C:/Users/nGnL/go/src/chat/routs/routs.go:69" took=0s
[GIN] 2019/08/01 - 22:15:16 | 303 |      1.0006ms |             ::1 | POST     /checkLog
time="2019-08-01T22:15:16+05:00" level=debug msg="SELECT * FROM `account`  " source="C:/Users/nGnL/go/src/chat/routs/routs.go:48" took=0s
[GIN] 2019/08/01 - 22:15:16 | 200 |       5.997ms |             ::1 | GET      /
[GIN] 2019/08/01 - 22:15:16 | 404 |            0s |             ::1 | GET      /bootstrap.min.css
[GIN] 2019/08/01 - 22:15:16 | 404 |            0s |             ::1 | GET      /style.css
time="2019-08-01T22:15:16+05:00" level=debug msg="SELECT * FROM `history`  " source="C:/Users/nGnL/go/src/chat/routs/routs.go:166" took="999.6µs"
time="2019-08-01T22:15:25+05:00" level=debug msg="SELECT * FROM `account`  " source="C:/Users/nGnL/go/src/chat/routs/routs.go:48" took=1.0013ms
[GIN] 2019/08/01 - 22:15:25 | 200 |      5.9964ms |             ::1 | GET      /
[GIN] 2019/08/01 - 22:15:25 | 404 |            0s |             ::1 | GET      /bootstrap.min.css
[GIN] 2019/08/01 - 22:15:25 | 404 |            0s |             ::1 | GET      /style.css
time="2019-08-01T22:15:25+05:00" level=debug msg="SELECT * FROM `history`  " source="C:/Users/nGnL/go/src/chat/routs/routs.go:166" took="999.5µs"
[GIN] 2019/08/01 - 22:15:25 | 404 |            0s |             ::1 | GET      /favicon.ico
2019/08/01 22:15:30 error: websocket: close 1001 (going away)
[GIN] 2019/08/01 - 22:15:30 | 200 |    4.4754558s |             ::1 | GET      /ws
time="2019-08-01T22:15:30+05:00" level=debug msg="SELECT * FROM `account`  " source="C:/Users/nGnL/go/src/chat/routs/routs.go:69" took=0s
[GIN] 2019/08/01 - 22:15:30 | 303 |       999.6µs |             ::1 | POST     /checkLog
time="2019-08-01T22:15:30+05:00" level=debug msg="SELECT * FROM `account`  " source="C:/Users/nGnL/go/src/chat/routs/routs.go:48" took=0s
[GIN] 2019/08/01 - 22:15:30 | 200 |      4.9972ms |             ::1 | GET      /
[GIN] 2019/08/01 - 22:15:30 | 404 |            0s |             ::1 | GET      /bootstrap.min.css
[GIN] 2019/08/01 - 22:15:30 | 404 |            0s |             ::1 | GET      /style.css
time="2019-08-01T22:15:30+05:00" level=debug msg="SELECT * FROM `history`  " source="C:/Users/nGnL/go/src/chat/routs/routs.go:166" took=0s
time="2019-08-01T22:15:37+05:00" level=debug msg="INSERT  INTO `history` (`user`,`message`,`date`) VALUES ('ngnl','dsad','01.08.2019 22:13:06')" source="C:/Users/nGnL/go/src/chat/routs/routs.go:229" took="999.9µs"
Users/nGnL/go/src/kr/routs/routs.go:62" took=0s
time="2019-07-19T21:14:45+05:00" level=debug msg="SELECT * FROM `history`  " source="C:/Users/nGnL/go/src/kr/routs/routs.go:69" took=0s
[GIN] 2019/07/19 - 21:14:57 | 200 |   12.6564911s |             ::1 | GET      /ws
[GIN] 2019/07/19 - 21:14:57 | 200 |      55.964ms |             ::1 | GET      /chat
time="2019-07-19T21:14:57+05:00" level=debug msg="SELECT * FROM `logs`   ORDER BY `logs`.`id` ASC LIMIT 1" source="C:/Users/nGnL/go/src/kr/routs/routs.go:61" took=0s
time="2019-07-19T21:14:57+05:00" level=debug msg="DELETE FROM `logs`  " source="C:/Users/nGnL/go/src/kr/routs/routs.go:62" took=0s
time="2019-07-19T21:14:57+05:00" level=debug msg="SELECT * FROM `history`  " source="C:/Users/nGnL/go/src/kr/routs/routs.go:69" took=0s
[GIN] 2019/07/19 - 21:15:14 | 200 |   16.5992144s |             ::1 | GET      /ws
[GIN] 2019/07/19 - 21:15:14 | 200 |     52.9666ms |             ::1 | GET      /chat
time="2019-07-19T21:15:14+05:00" level=debug msg="SELECT * FROM `logs`   ORDER BY `logs`.`id` ASC LIMIT 1" source="C:/Users/nGnL/go/src/kr/routs/routs.go:61" took=0s
time="2019-07-19T21:15:14+05:00" level=debug msg="DELETE FROM `logs`  " source="C:/Users/nGnL/go/src/kr/routs/routs.go:62" took=0s
time="2019-07-19T21:15:14+05:00" level=debug msg="SELECT * FROM `history`  " source="C:/Users/nGnL/go/src/kr/routs/routs.go:69" took=0s
[GIN] 2019/07/19 - 21:15:18 | 200 |    3.9134568s |             ::1 | GET      /ws
[GIN] 2019/07/19 - 21:15:18 | 200 |      4.9984ms |             ::1 | GET      /chat
time="2019-07-19T21:15:18+05:00" level=debug msg="SELECT * FROM `logs`   ORDER BY `logs`.`id` ASC LIMIT 1" source="C:/Users/nGnL/go/src/kr/routs/routs.go:61" took=0s
time="2019-07-19T21:15:18+05:00" level=debug msg="DELETE FROM `logs`  " source="C:/Users/nGnL/go/src/kr/routs/routs.go:62" took=0s
time="2019-07-19T21:15:18+05:00" level=debug msg="SELECT * FROM `history`  " source="C:/Users/nGnL/go/src/kr/routs/routs.go:69" took=0s
[GIN] 2019/07/19 - 21:15:21 | 200 |    3.2428908s |             ::1 | GET      /ws
[GIN] 2019/07/19 - 21:15:21 | 200 |     47.9676ms |             ::1 | GET      /chat
time="2019-07-19T21:15:21+05:00" level=debug msg="SELECT * FROM `logs`   ORDER BY `logs`.`id` ASC LIMIT 1" source="C:/Users/nGnL/go/src/kr/routs/routs.go:61" took=0s
time="2019-07-19T21:15:21+05:00" level=debug msg="DELETE FROM `logs`  " source="C:/Users/nGnL/go/src/kr/routs/routs.go:62" took=0s
time="2019-07-19T21:15:21+05:00" level=debug msg="SELECT * FROM `history`  " source="C:/Users/nGnL/go/src/kr/routs/routs.go:69" took=1.0015ms
time="2019-07-19T21:15:26+05:00" level=debug msg="INSERT  INTO `history` (`user`,`message`,`date`) VALUES ('','dsadsadsa','19.07.2019 21:11:31')" source="C:/Users/nGnL/go/src/kr/routs/routs.go:114" took=0s
